[0910/144608:ERROR:gpu_info_collector_win.cc(145)] Could not read gaming score from assessment results.
[0910/144608:ERROR:proxy_service_factory.cc(105)] Cannot use V8 Proxy resolver in single process mode.
[0910/144610:INFO:CONSOLE(101)] "一张网页，要经历怎样的过程，才能抵达用户面前？
一位新人，要经历怎样的成长，才能站在技术之巅？
探寻这里的秘密；
体验这里的挑战；
成为这里的主人；
加入百度，加入网页搜索，你，可以影响世界。
", source: https://ss1.bdstatic.com/5eN1bjq8AAUYm2zgoY3K/r/www/cache/static/protocol/https/global/js/all_async_search_4f472a39.js (101)
[0910/144610:INFO:CONSOLE(101)] "请将简历发送至 %c ps_recruiter@baidu.com（ 邮件标题请以“姓名-应聘XX职位-来自console”命名）", source: https://ss1.bdstatic.com/5eN1bjq8AAUYm2zgoY3K/r/www/cache/static/protocol/https/global/js/all_async_search_4f472a39.js (101)
[0910/144610:INFO:CONSOLE(101)] "职位介绍：http://dwz.cn/hr2013", source: https://ss1.bdstatic.com/5eN1bjq8AAUYm2zgoY3K/r/www/cache/static/protocol/https/global/js/all_async_search_4f472a39.js (101)
[0910/144610:VERBOSE2:scheduler.cc(647)] Scheduler::ProcessScheduledActions: ACTION_NONE F 0 1 1 F F F 1 0
[0910/144610:VERBOSE2:scheduler.cc(647)] Scheduler::ProcessScheduledActions: ACTION_NONE T 0 0 0 F F F 1 0
[0910/144612:WARNING:message_in_transit_queue.cc(18)] Destroying nonempty message queue
[0910/144614:ERROR:gpu_info_collector_win.cc(145)] Could not read gaming score from assessment results.
[0910/144614:ERROR:proxy_service_factory.cc(105)] Cannot use V8 Proxy resolver in single process mode.
[0910/144615:WARNING:message_in_transit_queue.cc(18)] Destroying nonempty message queue
[0910/145144:ERROR:gpu_info_collector_win.cc(145)] Could not read gaming score from assessment results.
[0910/145144:ERROR:proxy_service_factory.cc(105)] Cannot use V8 Proxy resolver in single process mode.
[0910/145147:INFO:CONSOLE(101)] "一张网页，要经历怎样的过程，才能抵达用户面前？
一位新人，要经历怎样的成长，才能站在技术之巅？
探寻这里的秘密；
体验这里的挑战；
成为这里的主人；
加入百度，加入网页搜索，你，可以影响世界。
", source: https://ss1.bdstatic.com/5eN1bjq8AAUYm2zgoY3K/r/www/cache/static/protocol/https/global/js/all_async_search_4f472a39.js (101)
[0910/145147:INFO:CONSOLE(101)] "请将简历发送至 %c ps_recruiter@baidu.com（ 邮件标题请以“姓名-应聘XX职位-来自console”命名）", source: https://ss1.bdstatic.com/5eN1bjq8AAUYm2zgoY3K/r/www/cache/static/protocol/https/global/js/all_async_search_4f472a39.js (101)
[0910/145147:INFO:CONSOLE(101)] "职位介绍：http://dwz.cn/hr2013", source: https://ss1.bdstatic.com/5eN1bjq8AAUYm2zgoY3K/r/www/cache/static/protocol/https/global/js/all_async_search_4f472a39.js (101)
[0910/145147:WARNING:message_in_transit_queue.cc(18)] Destroying nonempty message queue
[0910/145148:ERROR:gpu_info_collector_win.cc(145)] Could not read gaming score from assessment results.
[0910/145148:ERROR:proxy_service_factory.cc(105)] Cannot use V8 Proxy resolver in single process mode.
[0910/145150:INFO:CONSOLE(101)] "一张网页，要经历怎样的过程，才能抵达用户面前？
一位新人，要经历怎样的成长，才能站在技术之巅？
探寻这里的秘密；
体验这里的挑战；
成为这里的主人；
加入百度，加入网页搜索，你，可以影响世界。
", source: https://ss1.bdstatic.com/5eN1bjq8AAUYm2zgoY3K/r/www/cache/static/protocol/https/global/js/all_async_search_4f472a39.js (101)
[0910/145150:INFO:CONSOLE(101)] "请将简历发送至 %c ps_recruiter@baidu.com（ 邮件标题请以“姓名-应聘XX职位-来自console”命名）", source: https://ss1.bdstatic.com/5eN1bjq8AAUYm2zgoY3K/r/www/cache/static/protocol/https/global/js/all_async_search_4f472a39.js (101)
[0910/145150:INFO:CONSOLE(101)] "职位介绍：http://dwz.cn/hr2013", source: https://ss1.bdstatic.com/5eN1bjq8AAUYm2zgoY3K/r/www/cache/static/protocol/https/global/js/all_async_search_4f472a39.js (101)
[0910/145151:WARNING:message_in_transit_queue.cc(18)] Destroying nonempty message queue
[0910/145152:ERROR:gpu_info_collector_win.cc(145)] Could not read gaming score from assessment results.
[0910/145152:ERROR:proxy_service_factory.cc(105)] Cannot use V8 Proxy resolver in single process mode.
[0910/145154:INFO:CONSOLE(101)] "一张网页，要经历怎样的过程，才能抵达用户面前？
一位新人，要经历怎样的成长，才能站在技术之巅？
探寻这里的秘密；
体验这里的挑战；
成为这里的主人；
加入百度，加入网页搜索，你，可以影响世界。
", source: https://ss1.bdstatic.com/5eN1bjq8AAUYm2zgoY3K/r/www/cache/static/protocol/https/global/js/all_async_search_4f472a39.js (101)
[0910/145154:INFO:CONSOLE(101)] "请将简历发送至 %c ps_recruiter@baidu.com（ 邮件标题请以“姓名-应聘XX职位-来自console”命名）", source: https://ss1.bdstatic.com/5eN1bjq8AAUYm2zgoY3K/r/www/cache/static/protocol/https/global/js/all_async_search_4f472a39.js (101)
[0910/145154:INFO:CONSOLE(101)] "职位介绍：http://dwz.cn/hr2013", source: https://ss1.bdstatic.com/5eN1bjq8AAUYm2zgoY3K/r/www/cache/static/protocol/https/global/js/all_async_search_4f472a39.js (101)
[0910/145216:WARNING:message_in_transit_queue.cc(18)] Destroying nonempty message queue
[0910/151532:ERROR:gpu_info_collector_win.cc(145)] Could not read gaming score from assessment results.
[0910/151533:ERROR:proxy_service_factory.cc(105)] Cannot use V8 Proxy resolver in single process mode.
[0910/151538:INFO:CONSOLE(101)] "一张网页，要经历怎样的过程，才能抵达用户面前？
一位新人，要经历怎样的成长，才能站在技术之巅？
探寻这里的秘密；
体验这里的挑战；
成为这里的主人；
加入百度，加入网页搜索，你，可以影响世界。
", source: https://ss1.bdstatic.com/5eN1bjq8AAUYm2zgoY3K/r/www/cache/static/protocol/https/global/js/all_async_search_4f472a39.js (101)
[0910/151538:INFO:CONSOLE(101)] "请将简历发送至 %c ps_recruiter@baidu.com（ 邮件标题请以“姓名-应聘XX职位-来自console”命名）", source: https://ss1.bdstatic.com/5eN1bjq8AAUYm2zgoY3K/r/www/cache/static/protocol/https/global/js/all_async_search_4f472a39.js (101)
[0910/151538:INFO:CONSOLE(101)] "职位介绍：http://dwz.cn/hr2013", source: https://ss1.bdstatic.com/5eN1bjq8AAUYm2zgoY3K/r/www/cache/static/protocol/https/global/js/all_async_search_4f472a39.js (101)
[0910/151539:VERBOSE2:scheduler.cc(647)] Scheduler::ProcessScheduledActions: ACTION_NONE T 0 0 0 F F F 1 0
[0910/151547:ERROR:ipc_channel_win.cc(171)] pipe error: 109
[0910/151550:WARNING:message_in_transit_queue.cc(18)] Destroying nonempty message queue
