[0908/113737:ERROR:gpu_info_collector_win.cc(145)] Could not read gaming score from assessment results.
[0908/113737:ERROR:renderer_main.cc(207)] Running without renderer sandbox
[0908/113744:INFO:CONSOLE(101)] "一张网页，要经历怎样的过程，才能抵达用户面前？
一位新人，要经历怎样的成长，才能站在技术之巅？
探寻这里的秘密；
体验这里的挑战；
成为这里的主人；
加入百度，加入网页搜索，你，可以影响世界。
", source: https://ss1.bdstatic.com/5eN1bjq8AAUYm2zgoY3K/r/www/cache/static/protocol/https/global/js/all_async_search_8287534a.js (101)
[0908/113744:INFO:CONSOLE(101)] "请将简历发送至 %c ps_recruiter@baidu.com（ 邮件标题请以“姓名-应聘XX职位-来自console”命名）", source: https://ss1.bdstatic.com/5eN1bjq8AAUYm2zgoY3K/r/www/cache/static/protocol/https/global/js/all_async_search_8287534a.js (101)
[0908/113744:INFO:CONSOLE(101)] "职位介绍：http://dwz.cn/hr2013", source: https://ss1.bdstatic.com/5eN1bjq8AAUYm2zgoY3K/r/www/cache/static/protocol/https/global/js/all_async_search_8287534a.js (101)
[0908/113750:WARNING:message_in_transit_queue.cc(18)] Destroying nonempty message queue
[0910/104838:ERROR:gpu_info_collector_win.cc(145)] Could not read gaming score from assessment results.
[0910/104838:ERROR:proxy_service_factory.cc(105)] Cannot use V8 Proxy resolver in single process mode.
[0910/104841:INFO:CONSOLE(101)] "一张网页，要经历怎样的过程，才能抵达用户面前？
一位新人，要经历怎样的成长，才能站在技术之巅？
探寻这里的秘密；
体验这里的挑战；
成为这里的主人；
加入百度，加入网页搜索，你，可以影响世界。
", source: https://ss1.bdstatic.com/5eN1bjq8AAUYm2zgoY3K/r/www/cache/static/protocol/https/global/js/all_async_search_4f472a39.js (101)
[0910/104841:INFO:CONSOLE(101)] "请将简历发送至 %c ps_recruiter@baidu.com（ 邮件标题请以“姓名-应聘XX职位-来自console”命名）", source: https://ss1.bdstatic.com/5eN1bjq8AAUYm2zgoY3K/r/www/cache/static/protocol/https/global/js/all_async_search_4f472a39.js (101)
[0910/104841:INFO:CONSOLE(101)] "职位介绍：http://dwz.cn/hr2013", source: https://ss1.bdstatic.com/5eN1bjq8AAUYm2zgoY3K/r/www/cache/static/protocol/https/global/js/all_async_search_4f472a39.js (101)
[0910/105759:ERROR:ipc_channel_win.cc(460)] pipe error: 232
[0910/105759:WARNING:message_in_transit_queue.cc(18)] Destroying nonempty message queue
