E:\BCB\libcef3\libcef3\Release\cl.command.1.tlog
E:\BCB\libcef3\libcef3\Release\CL.read.1.tlog
E:\BCB\libcef3\libcef3\Release\CL.write.1.tlog
E:\BCB\LIBCEF3\LIBCEF3\RELEASE\CLIENTAPP.OBJ
E:\BCB\LIBCEF3\LIBCEF3\RELEASE\CLIENTHANDLER.OBJ
E:\BCB\LIBCEF3\LIBCEF3\RELEASE\CLIENTV8EXTENSIONHANDLER.OBJ
E:\BCB\LIBCEF3\LIBCEF3\RELEASE\LIBCEF3.DLL.INTERMEDIATE.MANIFEST
E:\BCB\libcef3\libcef3\Release\libcef3.vcxprojResolveAssemblyReference.cache
E:\BCB\libcef3\libcef3\Release\libcef3.write.1.tlog
E:\BCB\libcef3\libcef3\Release\link.command.1.tlog
E:\BCB\libcef3\libcef3\Release\link.read.1.tlog
E:\BCB\libcef3\libcef3\Release\link.write.1.tlog
E:\BCB\LIBCEF3\LIBCEF3\RELEASE\MAIN.OBJ
E:\BCB\libcef3\libcef3\Release\mt.command.1.tlog
E:\BCB\libcef3\libcef3\Release\mt.read.1.tlog
E:\BCB\libcef3\libcef3\Release\mt.write.1.tlog
E:\BCB\LIBCEF3\LIBCEF3\RELEASE\VC100.PDB
E:\BCB\LIBCEF3\RELEASE\LIBCEF3.DLL
E:\BCB\libcef3\Release\libcef3.exp
E:\BCB\libcef3\Release\libcef3.lib
E:\BCB\LIBCEF3\RELEASE\LIBCEF3.PDB
